GROUP,PACKAGE,CLASS,INSTRUCTION_MISSED,INSTRUCTION_COVERED,BRANCH_MISSED,BRANCH_COVERED,LINE_MISSED,LINE_COVERED,COMPLEXITY_MISSED,COMPLEXITY_COVERED,METHOD_MISSED,METHOD_COVERED
homework3,edu.postech.csed332.homework3,DelegateTree,50,194,4,24,8,44,7,23,3,13
homework3,edu.postech.csed332.homework3,ParentPointerTree,2,311,1,33,1,59,1,32,0,16
homework3,edu.postech.csed332.homework3,Tree,0,10,0,0,0,2,0,2,0,2
homework3,edu.postech.csed332.homework3,Edge,4,80,4,8,0,15,4,9,0,7
homework3,edu.postech.csed332.homework3,AdjacencyListGraph,29,187,1,17,4,38,2,22,1,14
homework3,edu.postech.csed332.homework3,Graph,0,53,0,6,0,11,0,6,0,3
homework3,edu.postech.csed332.homework3,ParentPointerTree.Node,0,9,0,0,0,4,0,1,0,1
